  Card.cpp
  Card_public_test.cpp
  Card_tests.cpp
  Pack_public_test.cpp
  Pack_tests.cpp
  Player_public_test.cpp
  Player_tests.cpp
  Generating Code...
Card_tests.obj : error LNK2005: "class std::basic_ostream<char,struct std::char_traits<char> > & __cdecl operator<<(class std::basic_ostream<char,struct std::char_traits<char> > &,class TestFailure const &)" (??6@YAAAV?$basic_ostream@DU?$char_traits@D@std@@@std@@AAV01@ABVTestFailure@@@Z) already defined in Card_public_test.obj
Card_tests.obj : error LNK2005: "void __cdecl assert_almost_equal(double,double,double,int,char const *)" (?assert_almost_equal@@YAXNNNHPBD@Z) already defined in Card_public_test.obj
Card_tests.obj : error LNK2005: "void __cdecl assert_false(bool,int,char const *)" (?assert_false@@YAX_NHPBD@Z) already defined in Card_public_test.obj
Card_tests.obj : error LNK2005: "void __cdecl assert_true(bool,int,char const *)" (?assert_true@@YAX_NHPBD@Z) already defined in Card_public_test.obj
Card_tests.obj : error LNK2005: "class std::basic_string<char,struct std::char_traits<char>,class std::allocator<char> > __cdecl demangle(char const *)" (?demangle@@YA?AV?$basic_string@DU?$char_traits@D@std@@V?$allocator@D@2@@std@@PBD@Z) already defined in Card_public_test.obj
Card_tests.obj : error LNK2005: "private: class std::vector<class std::basic_string<char,struct std::char_traits<char>,class std::allocator<char> >,class std::allocator<class std::basic_string<char,struct std::char_traits<char>,class std::allocator<char> > > > __thiscall TestSuite::get_test_names_to_run(int,char * *)" (?get_test_names_to_run@TestSuite@@AAE?AV?$vector@V?$basic_string@DU?$char_traits@D@std@@V?$allocator@D@2@@std@@V?$allocator@V?$basic_string@DU?$char_traits@D@std@@V?$allocator@D@2@@std@@@2@@std@@HPAPAD@Z) already defined in Card_public_test.obj
Card_tests.obj : error LNK2005: "public: void __thiscall TestCase::print(bool)" (?print@TestCase@@QAEX_N@Z) already defined in Card_public_test.obj
Card_tests.obj : error LNK2005: "public: void __thiscall TestCase::run(bool)" (?run@TestCase@@QAEX_N@Z) already defined in Card_public_test.obj
Card_tests.obj : error LNK2005: "public: int __thiscall TestSuite::run_tests(int,char * *)" (?run_tests@TestSuite@@QAEHHPAPAD@Z) already defined in Card_public_test.obj
Card_tests.obj : error LNK2005: "bool __cdecl safe_equals_helper(int,unsigned int)" (?safe_equals_helper@@YA_NHI@Z) already defined in Card_public_test.obj
Card_tests.obj : error LNK2005: "bool __cdecl safe_equals_helper(unsigned int,int)" (?safe_equals_helper@@YA_NIH@Z) already defined in Card_public_test.obj
Card_tests.obj : error LNK2005: "bool __cdecl safe_not_equals_helper(int,unsigned int)" (?safe_not_equals_helper@@YA_NHI@Z) already defined in Card_public_test.obj
Card_tests.obj : error LNK2005: "bool __cdecl safe_not_equals_helper(unsigned int,int)" (?safe_not_equals_helper@@YA_NIH@Z) already defined in Card_public_test.obj
Card_tests.obj : error LNK2005: _main already defined in Card_public_test.obj
Card_tests.obj : error LNK2005: "private: static bool TestSuite::incomplete" (?incomplete@TestSuite@@0_NA) already defined in Card_public_test.obj
Card_tests.obj : error LNK2005: "private: static class TestSuite * TestSuite::instance" (?instance@TestSuite@@0PAV1@A) already defined in Card_public_test.obj
Pack_public_test.obj : error LNK2005: "class std::basic_ostream<char,struct std::char_traits<char> > & __cdecl operator<<(class std::basic_ostream<char,struct std::char_traits<char> > &,class TestFailure const &)" (??6@YAAAV?$basic_ostream@DU?$char_traits@D@std@@@std@@AAV01@ABVTestFailure@@@Z) already defined in Card_public_test.obj
Pack_public_test.obj : error LNK2005: "void __cdecl assert_almost_equal(double,double,double,int,char const *)" (?assert_almost_equal@@YAXNNNHPBD@Z) already defined in Card_public_test.obj
Pack_public_test.obj : error LNK2005: "void __cdecl assert_false(bool,int,char const *)" (?assert_false@@YAX_NHPBD@Z) already defined in Card_public_test.obj
Pack_public_test.obj : error LNK2005: "void __cdecl assert_true(bool,int,char const *)" (?assert_true@@YAX_NHPBD@Z) already defined in Card_public_test.obj
Pack_public_test.obj : error LNK2005: "class std::basic_string<char,struct std::char_traits<char>,class std::allocator<char> > __cdecl demangle(char const *)" (?demangle@@YA?AV?$basic_string@DU?$char_traits@D@std@@V?$allocator@D@2@@std@@PBD@Z) already defined in Card_public_test.obj
Pack_public_test.obj : error LNK2005: "private: class std::vector<class std::basic_string<char,struct std::char_traits<char>,class std::allocator<char> >,class std::allocator<class std::basic_string<char,struct std::char_traits<char>,class std::allocator<char> > > > __thiscall TestSuite::get_test_names_to_run(int,char * *)" (?get_test_names_to_run@TestSuite@@AAE?AV?$vector@V?$basic_string@DU?$char_traits@D@std@@V?$allocator@D@2@@std@@V?$allocator@V?$basic_string@DU?$char_traits@D@std@@V?$allocator@D@2@@std@@@2@@std@@HPAPAD@Z) already defined in Card_public_test.obj
Pack_public_test.obj : error LNK2005: "public: void __thiscall TestCase::print(bool)" (?print@TestCase@@QAEX_N@Z) already defined in Card_public_test.obj
Pack_public_test.obj : error LNK2005: "public: void __thiscall TestCase::run(bool)" (?run@TestCase@@QAEX_N@Z) already defined in Card_public_test.obj
Pack_public_test.obj : error LNK2005: "public: int __thiscall TestSuite::run_tests(int,char * *)" (?run_tests@TestSuite@@QAEHHPAPAD@Z) already defined in Card_public_test.obj
Pack_public_test.obj : error LNK2005: "bool __cdecl safe_equals_helper(int,unsigned int)" (?safe_equals_helper@@YA_NHI@Z) already defined in Card_public_test.obj
Pack_public_test.obj : error LNK2005: "bool __cdecl safe_equals_helper(unsigned int,int)" (?safe_equals_helper@@YA_NIH@Z) already defined in Card_public_test.obj
Pack_public_test.obj : error LNK2005: "bool __cdecl safe_not_equals_helper(int,unsigned int)" (?safe_not_equals_helper@@YA_NHI@Z) already defined in Card_public_test.obj
Pack_public_test.obj : error LNK2005: "bool __cdecl safe_not_equals_helper(unsigned int,int)" (?safe_not_equals_helper@@YA_NIH@Z) already defined in Card_public_test.obj
Pack_public_test.obj : error LNK2005: _main already defined in Card_public_test.obj
Pack_public_test.obj : error LNK2005: "private: static bool TestSuite::incomplete" (?incomplete@TestSuite@@0_NA) already defined in Card_public_test.obj
Pack_public_test.obj : error LNK2005: "private: static class TestSuite * TestSuite::instance" (?instance@TestSuite@@0PAV1@A) already defined in Card_public_test.obj
Pack_tests.obj : error LNK2005: "class std::basic_ostream<char,struct std::char_traits<char> > & __cdecl operator<<(class std::basic_ostream<char,struct std::char_traits<char> > &,class TestFailure const &)" (??6@YAAAV?$basic_ostream@DU?$char_traits@D@std@@@std@@AAV01@ABVTestFailure@@@Z) already defined in Card_public_test.obj
Pack_tests.obj : error LNK2005: "void __cdecl assert_almost_equal(double,double,double,int,char const *)" (?assert_almost_equal@@YAXNNNHPBD@Z) already defined in Card_public_test.obj
Pack_tests.obj : error LNK2005: "void __cdecl assert_false(bool,int,char const *)" (?assert_false@@YAX_NHPBD@Z) already defined in Card_public_test.obj
Pack_tests.obj : error LNK2005: "void __cdecl assert_true(bool,int,char const *)" (?assert_true@@YAX_NHPBD@Z) already defined in Card_public_test.obj
Pack_tests.obj : error LNK2005: "class std::basic_string<char,struct std::char_traits<char>,class std::allocator<char> > __cdecl demangle(char const *)" (?demangle@@YA?AV?$basic_string@DU?$char_traits@D@std@@V?$allocator@D@2@@std@@PBD@Z) already defined in Card_public_test.obj
Pack_tests.obj : error LNK2005: "private: class std::vector<class std::basic_string<char,struct std::char_traits<char>,class std::allocator<char> >,class std::allocator<class std::basic_string<char,struct std::char_traits<char>,class std::allocator<char> > > > __thiscall TestSuite::get_test_names_to_run(int,char * *)" (?get_test_names_to_run@TestSuite@@AAE?AV?$vector@V?$basic_string@DU?$char_traits@D@std@@V?$allocator@D@2@@std@@V?$allocator@V?$basic_string@DU?$char_traits@D@std@@V?$allocator@D@2@@std@@@2@@std@@HPAPAD@Z) already defined in Card_public_test.obj
Pack_tests.obj : error LNK2005: "public: void __thiscall TestCase::print(bool)" (?print@TestCase@@QAEX_N@Z) already defined in Card_public_test.obj
Pack_tests.obj : error LNK2005: "public: void __thiscall TestCase::run(bool)" (?run@TestCase@@QAEX_N@Z) already defined in Card_public_test.obj
Pack_tests.obj : error LNK2005: "public: int __thiscall TestSuite::run_tests(int,char * *)" (?run_tests@TestSuite@@QAEHHPAPAD@Z) already defined in Card_public_test.obj
Pack_tests.obj : error LNK2005: "bool __cdecl safe_equals_helper(int,unsigned int)" (?safe_equals_helper@@YA_NHI@Z) already defined in Card_public_test.obj
Pack_tests.obj : error LNK2005: "bool __cdecl safe_equals_helper(unsigned int,int)" (?safe_equals_helper@@YA_NIH@Z) already defined in Card_public_test.obj
Pack_tests.obj : error LNK2005: "bool __cdecl safe_not_equals_helper(int,unsigned int)" (?safe_not_equals_helper@@YA_NHI@Z) already defined in Card_public_test.obj
Pack_tests.obj : error LNK2005: "bool __cdecl safe_not_equals_helper(unsigned int,int)" (?safe_not_equals_helper@@YA_NIH@Z) already defined in Card_public_test.obj
Pack_tests.obj : error LNK2005: _main already defined in Card_public_test.obj
Pack_tests.obj : error LNK2005: "private: static bool TestSuite::incomplete" (?incomplete@TestSuite@@0_NA) already defined in Card_public_test.obj
Pack_tests.obj : error LNK2005: "private: static class TestSuite * TestSuite::instance" (?instance@TestSuite@@0PAV1@A) already defined in Card_public_test.obj
Player_public_test.obj : error LNK2005: "class std::basic_ostream<char,struct std::char_traits<char> > & __cdecl operator<<(class std::basic_ostream<char,struct std::char_traits<char> > &,class TestFailure const &)" (??6@YAAAV?$basic_ostream@DU?$char_traits@D@std@@@std@@AAV01@ABVTestFailure@@@Z) already defined in Card_public_test.obj
Player_public_test.obj : error LNK2005: "void __cdecl assert_almost_equal(double,double,double,int,char const *)" (?assert_almost_equal@@YAXNNNHPBD@Z) already defined in Card_public_test.obj
Player_public_test.obj : error LNK2005: "void __cdecl assert_false(bool,int,char const *)" (?assert_false@@YAX_NHPBD@Z) already defined in Card_public_test.obj
Player_public_test.obj : error LNK2005: "void __cdecl assert_true(bool,int,char const *)" (?assert_true@@YAX_NHPBD@Z) already defined in Card_public_test.obj
Player_public_test.obj : error LNK2005: "class std::basic_string<char,struct std::char_traits<char>,class std::allocator<char> > __cdecl demangle(char const *)" (?demangle@@YA?AV?$basic_string@DU?$char_traits@D@std@@V?$allocator@D@2@@std@@PBD@Z) already defined in Card_public_test.obj
Player_public_test.obj : error LNK2005: "private: class std::vector<class std::basic_string<char,struct std::char_traits<char>,class std::allocator<char> >,class std::allocator<class std::basic_string<char,struct std::char_traits<char>,class std::allocator<char> > > > __thiscall TestSuite::get_test_names_to_run(int,char * *)" (?get_test_names_to_run@TestSuite@@AAE?AV?$vector@V?$basic_string@DU?$char_traits@D@std@@V?$allocator@D@2@@std@@V?$allocator@V?$basic_string@DU?$char_traits@D@std@@V?$allocator@D@2@@std@@@2@@std@@HPAPAD@Z) already defined in Card_public_test.obj
Player_public_test.obj : error LNK2005: "public: void __thiscall TestCase::print(bool)" (?print@TestCase@@QAEX_N@Z) already defined in Card_public_test.obj
Player_public_test.obj : error LNK2005: "public: void __thiscall TestCase::run(bool)" (?run@TestCase@@QAEX_N@Z) already defined in Card_public_test.obj
Player_public_test.obj : error LNK2005: "public: int __thiscall TestSuite::run_tests(int,char * *)" (?run_tests@TestSuite@@QAEHHPAPAD@Z) already defined in Card_public_test.obj
Player_public_test.obj : error LNK2005: "bool __cdecl safe_equals_helper(int,unsigned int)" (?safe_equals_helper@@YA_NHI@Z) already defined in Card_public_test.obj
Player_public_test.obj : error LNK2005: "bool __cdecl safe_equals_helper(unsigned int,int)" (?safe_equals_helper@@YA_NIH@Z) already defined in Card_public_test.obj
Player_public_test.obj : error LNK2005: "bool __cdecl safe_not_equals_helper(int,unsigned int)" (?safe_not_equals_helper@@YA_NHI@Z) already defined in Card_public_test.obj
Player_public_test.obj : error LNK2005: "bool __cdecl safe_not_equals_helper(unsigned int,int)" (?safe_not_equals_helper@@YA_NIH@Z) already defined in Card_public_test.obj
Player_public_test.obj : error LNK2005: _main already defined in Card_public_test.obj
Player_public_test.obj : error LNK2005: "private: static bool TestSuite::incomplete" (?incomplete@TestSuite@@0_NA) already defined in Card_public_test.obj
Player_public_test.obj : error LNK2005: "private: static class TestSuite * TestSuite::instance" (?instance@TestSuite@@0PAV1@A) already defined in Card_public_test.obj
Player_tests.obj : error LNK2005: "class std::basic_ostream<char,struct std::char_traits<char> > & __cdecl operator<<(class std::basic_ostream<char,struct std::char_traits<char> > &,class TestFailure const &)" (??6@YAAAV?$basic_ostream@DU?$char_traits@D@std@@@std@@AAV01@ABVTestFailure@@@Z) already defined in Card_public_test.obj
Player_tests.obj : error LNK2005: "void __cdecl assert_almost_equal(double,double,double,int,char const *)" (?assert_almost_equal@@YAXNNNHPBD@Z) already defined in Card_public_test.obj
Player_tests.obj : error LNK2005: "void __cdecl assert_false(bool,int,char const *)" (?assert_false@@YAX_NHPBD@Z) already defined in Card_public_test.obj
Player_tests.obj : error LNK2005: "void __cdecl assert_true(bool,int,char const *)" (?assert_true@@YAX_NHPBD@Z) already defined in Card_public_test.obj
Player_tests.obj : error LNK2005: "class std::basic_string<char,struct std::char_traits<char>,class std::allocator<char> > __cdecl demangle(char const *)" (?demangle@@YA?AV?$basic_string@DU?$char_traits@D@std@@V?$allocator@D@2@@std@@PBD@Z) already defined in Card_public_test.obj
Player_tests.obj : error LNK2005: "private: class std::vector<class std::basic_string<char,struct std::char_traits<char>,class std::allocator<char> >,class std::allocator<class std::basic_string<char,struct std::char_traits<char>,class std::allocator<char> > > > __thiscall TestSuite::get_test_names_to_run(int,char * *)" (?get_test_names_to_run@TestSuite@@AAE?AV?$vector@V?$basic_string@DU?$char_traits@D@std@@V?$allocator@D@2@@std@@V?$allocator@V?$basic_string@DU?$char_traits@D@std@@V?$allocator@D@2@@std@@@2@@std@@HPAPAD@Z) already defined in Card_public_test.obj
Player_tests.obj : error LNK2005: "public: void __thiscall TestCase::print(bool)" (?print@TestCase@@QAEX_N@Z) already defined in Card_public_test.obj
Player_tests.obj : error LNK2005: "public: void __thiscall TestCase::run(bool)" (?run@TestCase@@QAEX_N@Z) already defined in Card_public_test.obj
Player_tests.obj : error LNK2005: "public: int __thiscall TestSuite::run_tests(int,char * *)" (?run_tests@TestSuite@@QAEHHPAPAD@Z) already defined in Card_public_test.obj
Player_tests.obj : error LNK2005: "bool __cdecl safe_equals_helper(int,unsigned int)" (?safe_equals_helper@@YA_NHI@Z) already defined in Card_public_test.obj
Player_tests.obj : error LNK2005: "bool __cdecl safe_equals_helper(unsigned int,int)" (?safe_equals_helper@@YA_NIH@Z) already defined in Card_public_test.obj
Player_tests.obj : error LNK2005: "bool __cdecl safe_not_equals_helper(int,unsigned int)" (?safe_not_equals_helper@@YA_NHI@Z) already defined in Card_public_test.obj
Player_tests.obj : error LNK2005: "bool __cdecl safe_not_equals_helper(unsigned int,int)" (?safe_not_equals_helper@@YA_NIH@Z) already defined in Card_public_test.obj
Player_tests.obj : error LNK2005: _main already defined in Card_public_test.obj
Player_tests.obj : error LNK2005: "private: static bool TestSuite::incomplete" (?incomplete@TestSuite@@0_NA) already defined in Card_public_test.obj
Player_tests.obj : error LNK2005: "private: static class TestSuite * TestSuite::instance" (?instance@TestSuite@@0PAV1@A) already defined in Card_public_test.obj
Card_public_test.obj : error LNK2019: unresolved external symbol "public: __thiscall Card::Card(void)" (??0Card@@QAE@XZ) referenced in function "void __cdecl test_card_suit_and_rank(void)" (?test_card_suit_and_rank@@YAXXZ)
Card_public_test.obj : error LNK2019: unresolved external symbol "public: __thiscall Card::Card(class std::basic_string<char,struct std::char_traits<char>,class std::allocator<char> > const &,class std::basic_string<char,struct std::char_traits<char>,class std::allocator<char> > const &)" (??0Card@@QAE@ABV?$basic_string@DU?$char_traits@D@std@@V?$allocator@D@2@@std@@0@Z) referenced in function "void __cdecl test_Card_less_self(void)" (?test_Card_less_self@@YAXXZ)
Card_tests.obj : error LNK2001: unresolved external symbol "public: __thiscall Card::Card(class std::basic_string<char,struct std::char_traits<char>,class std::allocator<char> > const &,class std::basic_string<char,struct std::char_traits<char>,class std::allocator<char> > const &)" (??0Card@@QAE@ABV?$basic_string@DU?$char_traits@D@std@@V?$allocator@D@2@@std@@0@Z)
Pack_public_test.obj : error LNK2001: unresolved external symbol "public: __thiscall Card::Card(class std::basic_string<char,struct std::char_traits<char>,class std::allocator<char> > const &,class std::basic_string<char,struct std::char_traits<char>,class std::allocator<char> > const &)" (??0Card@@QAE@ABV?$basic_string@DU?$char_traits@D@std@@V?$allocator@D@2@@std@@0@Z)
Player_public_test.obj : error LNK2001: unresolved external symbol "public: __thiscall Card::Card(class std::basic_string<char,struct std::char_traits<char>,class std::allocator<char> > const &,class std::basic_string<char,struct std::char_traits<char>,class std::allocator<char> > const &)" (??0Card@@QAE@ABV?$basic_string@DU?$char_traits@D@std@@V?$allocator@D@2@@std@@0@Z)
Card_public_test.obj : error LNK2019: unresolved external symbol "public: class std::basic_string<char,struct std::char_traits<char>,class std::allocator<char> > __thiscall Card::get_rank(void)const " (?get_rank@Card@@QBE?AV?$basic_string@DU?$char_traits@D@std@@V?$allocator@D@2@@std@@XZ) referenced in function "void __cdecl test_card_suit_and_rank(void)" (?test_card_suit_and_rank@@YAXXZ)
Card_tests.obj : error LNK2001: unresolved external symbol "public: class std::basic_string<char,struct std::char_traits<char>,class std::allocator<char> > __thiscall Card::get_rank(void)const " (?get_rank@Card@@QBE?AV?$basic_string@DU?$char_traits@D@std@@V?$allocator@D@2@@std@@XZ)
Pack_tests.obj : error LNK2001: unresolved external symbol "public: class std::basic_string<char,struct std::char_traits<char>,class std::allocator<char> > __thiscall Card::get_rank(void)const " (?get_rank@Card@@QBE?AV?$basic_string@DU?$char_traits@D@std@@V?$allocator@D@2@@std@@XZ)
Card_public_test.obj : error LNK2019: unresolved external symbol "public: class std::basic_string<char,struct std::char_traits<char>,class std::allocator<char> > __thiscall Card::get_suit(void)const " (?get_suit@Card@@QBE?AV?$basic_string@DU?$char_traits@D@std@@V?$allocator@D@2@@std@@XZ) referenced in function "void __cdecl test_card_suit_and_rank(void)" (?test_card_suit_and_rank@@YAXXZ)
Card_tests.obj : error LNK2001: unresolved external symbol "public: class std::basic_string<char,struct std::char_traits<char>,class std::allocator<char> > __thiscall Card::get_suit(void)const " (?get_suit@Card@@QBE?AV?$basic_string@DU?$char_traits@D@std@@V?$allocator@D@2@@std@@XZ)
Pack_tests.obj : error LNK2001: unresolved external symbol "public: class std::basic_string<char,struct std::char_traits<char>,class std::allocator<char> > __thiscall Card::get_suit(void)const " (?get_suit@Card@@QBE?AV?$basic_string@DU?$char_traits@D@std@@V?$allocator@D@2@@std@@XZ)
Card_public_test.obj : error LNK2019: unresolved external symbol "public: class std::basic_string<char,struct std::char_traits<char>,class std::allocator<char> > __thiscall Card::get_suit(class std::basic_string<char,struct std::char_traits<char>,class std::allocator<char> > const &)const " (?get_suit@Card@@QBE?AV?$basic_string@DU?$char_traits@D@std@@V?$allocator@D@2@@std@@ABV23@@Z) referenced in function "void __cdecl test_card_suit_and_rank(void)" (?test_card_suit_and_rank@@YAXXZ)
Card_public_test.obj : error LNK2019: unresolved external symbol "public: bool __thiscall Card::is_face(void)const " (?is_face@Card@@QBE_NXZ) referenced in function "void __cdecl test_card_type(void)" (?test_card_type@@YAXXZ)
Card_public_test.obj : error LNK2019: unresolved external symbol "public: bool __thiscall Card::is_right_bower(class std::basic_string<char,struct std::char_traits<char>,class std::allocator<char> > const &)const " (?is_right_bower@Card@@QBE_NABV?$basic_string@DU?$char_traits@D@std@@V?$allocator@D@2@@std@@@Z) referenced in function "void __cdecl test_card_type(void)" (?test_card_type@@YAXXZ)
Card_public_test.obj : error LNK2019: unresolved external symbol "public: bool __thiscall Card::is_left_bower(class std::basic_string<char,struct std::char_traits<char>,class std::allocator<char> > const &)const " (?is_left_bower@Card@@QBE_NABV?$basic_string@DU?$char_traits@D@std@@V?$allocator@D@2@@std@@@Z) referenced in function "void __cdecl test_card_type(void)" (?test_card_type@@YAXXZ)
Card_public_test.obj : error LNK2019: unresolved external symbol "public: bool __thiscall Card::is_trump(class std::basic_string<char,struct std::char_traits<char>,class std::allocator<char> > const &)const " (?is_trump@Card@@QBE_NABV?$basic_string@DU?$char_traits@D@std@@V?$allocator@D@2@@std@@@Z) referenced in function "void __cdecl test_card_type(void)" (?test_card_type@@YAXXZ)
Card_public_test.obj : error LNK2019: unresolved external symbol "bool __cdecl operator<(class Card const &,class Card const &)" (??M@YA_NABVCard@@0@Z) referenced in function "void __cdecl test_card_self_comparison(void)" (?test_card_self_comparison@@YAXXZ)
Card_public_test.obj : error LNK2019: unresolved external symbol "bool __cdecl operator>(class Card const &,class Card const &)" (??O@YA_NABVCard@@0@Z) referenced in function "void __cdecl test_card_self_comparison(void)" (?test_card_self_comparison@@YAXXZ)
Card_public_test.obj : error LNK2019: unresolved external symbol "bool __cdecl operator==(class Card const &,class Card const &)" (??8@YA_NABVCard@@0@Z) referenced in function "void __cdecl test_card_self_comparison(void)" (?test_card_self_comparison@@YAXXZ)
Pack_public_test.obj : error LNK2001: unresolved external symbol "bool __cdecl operator==(class Card const &,class Card const &)" (??8@YA_NABVCard@@0@Z)
Player_public_test.obj : error LNK2001: unresolved external symbol "bool __cdecl operator==(class Card const &,class Card const &)" (??8@YA_NABVCard@@0@Z)
Card_public_test.obj : error LNK2019: unresolved external symbol "bool __cdecl operator!=(class Card const &,class Card const &)" (??9@YA_NABVCard@@0@Z) referenced in function "void __cdecl test_card_self_comparison(void)" (?test_card_self_comparison@@YAXXZ)
Card_public_test.obj : error LNK2019: unresolved external symbol "class std::basic_string<char,struct std::char_traits<char>,class std::allocator<char> > __cdecl Suit_next(class std::basic_string<char,struct std::char_traits<char>,class std::allocator<char> > const &)" (?Suit_next@@YA?AV?$basic_string@DU?$char_traits@D@std@@V?$allocator@D@2@@std@@ABV12@@Z) referenced in function "void __cdecl test_Suit_next(void)" (?test_Suit_next@@YAXXZ)
Card_public_test.obj : error LNK2019: unresolved external symbol "class std::basic_ostream<char,struct std::char_traits<char> > & __cdecl operator<<(class std::basic_ostream<char,struct std::char_traits<char> > &,class Card const &)" (??6@YAAAV?$basic_ostream@DU?$char_traits@D@std@@@std@@AAV01@ABVCard@@@Z) referenced in function "void __cdecl test_card_insertion(void)" (?test_card_insertion@@YAXXZ)
Pack_public_test.obj : error LNK2001: unresolved external symbol "class std::basic_ostream<char,struct std::char_traits<char> > & __cdecl operator<<(class std::basic_ostream<char,struct std::char_traits<char> > &,class Card const &)" (??6@YAAAV?$basic_ostream@DU?$char_traits@D@std@@@std@@AAV01@ABVCard@@@Z)
Player_public_test.obj : error LNK2001: unresolved external symbol "class std::basic_ostream<char,struct std::char_traits<char> > & __cdecl operator<<(class std::basic_ostream<char,struct std::char_traits<char> > &,class Card const &)" (??6@YAAAV?$basic_ostream@DU?$char_traits@D@std@@@std@@AAV01@ABVCard@@@Z)
Card_public_test.obj : error LNK2019: unresolved external symbol "bool __cdecl Card_less(class Card const &,class Card const &,class std::basic_string<char,struct std::char_traits<char>,class std::allocator<char> > const &)" (?Card_less@@YA_NABVCard@@0ABV?$basic_string@DU?$char_traits@D@std@@V?$allocator@D@2@@std@@@Z) referenced in function "void __cdecl test_Card_less_self(void)" (?test_Card_less_self@@YAXXZ)
Card_public_test.obj : error LNK2019: unresolved external symbol "bool __cdecl Card_less(class Card const &,class Card const &,class Card const &,class std::basic_string<char,struct std::char_traits<char>,class std::allocator<char> > const &)" (?Card_less@@YA_NABVCard@@00ABV?$basic_string@DU?$char_traits@D@std@@V?$allocator@D@2@@std@@@Z) referenced in function "void __cdecl test_Card_less_self(void)" (?test_Card_less_self@@YAXXZ)
Pack_public_test.obj : error LNK2019: unresolved external symbol "public: __thiscall Pack::Pack(void)" (??0Pack@@QAE@XZ) referenced in function "void __cdecl test_pack_default_ctor(void)" (?test_pack_default_ctor@@YAXXZ)
Pack_tests.obj : error LNK2001: unresolved external symbol "public: __thiscall Pack::Pack(void)" (??0Pack@@QAE@XZ)
Pack_public_test.obj : error LNK2019: unresolved external symbol "public: __thiscall Pack::Pack(class std::basic_istream<char,struct std::char_traits<char> > &)" (??0Pack@@QAE@AAV?$basic_istream@DU?$char_traits@D@std@@@std@@@Z) referenced in function "void __cdecl test_pack_istream_ctor(void)" (?test_pack_istream_ctor@@YAXXZ)
Pack_public_test.obj : error LNK2019: unresolved external symbol "public: class Card __thiscall Pack::deal_one(void)" (?deal_one@Pack@@QAE?AVCard@@XZ) referenced in function "void __cdecl test_pack_default_ctor(void)" (?test_pack_default_ctor@@YAXXZ)
Pack_tests.obj : error LNK2001: unresolved external symbol "public: class Card __thiscall Pack::deal_one(void)" (?deal_one@Pack@@QAE?AVCard@@XZ)
Pack_public_test.obj : error LNK2019: unresolved external symbol "public: void __thiscall Pack::reset(void)" (?reset@Pack@@QAEXXZ) referenced in function "void __cdecl test_pack_reset(void)" (?test_pack_reset@@YAXXZ)
Pack_public_test.obj : error LNK2019: unresolved external symbol "public: void __thiscall Pack::shuffle(void)" (?shuffle@Pack@@QAEXXZ) referenced in function "void __cdecl test_pack_shuffle(void)" (?test_pack_shuffle@@YAXXZ)
Pack_public_test.obj : error LNK2019: unresolved external symbol "public: bool __thiscall Pack::empty(void)const " (?empty@Pack@@QBE_NXZ) referenced in function "void __cdecl test_pack_empty(void)" (?test_pack_empty@@YAXXZ)
Player_public_test.obj : error LNK2019: unresolved external symbol "class Player * __cdecl Player_factory(class std::basic_string<char,struct std::char_traits<char>,class std::allocator<char> > const &,class std::basic_string<char,struct std::char_traits<char>,class std::allocator<char> > const &)" (?Player_factory@@YAPAVPlayer@@ABV?$basic_string@DU?$char_traits@D@std@@V?$allocator@D@2@@std@@0@Z) referenced in function "void __cdecl test_player_get_name(void)" (?test_player_get_name@@YAXXZ)
Player_tests.obj : error LNK2001: unresolved external symbol "class Player * __cdecl Player_factory(class std::basic_string<char,struct std::char_traits<char>,class std::allocator<char> > const &,class std::basic_string<char,struct std::char_traits<char>,class std::allocator<char> > const &)" (?Player_factory@@YAPAVPlayer@@ABV?$basic_string@DU?$char_traits@D@std@@V?$allocator@D@2@@std@@0@Z)
Player_public_test.obj : error LNK2019: unresolved external symbol "class std::basic_ostream<char,struct std::char_traits<char> > & __cdecl operator<<(class std::basic_ostream<char,struct std::char_traits<char> > &,class Player const &)" (??6@YAAAV?$basic_ostream@DU?$char_traits@D@std@@@std@@AAV01@ABVPlayer@@@Z) referenced in function "void __cdecl test_player_insertion(void)" (?test_player_insertion@@YAXXZ)
C:\Users\Skylar Westphal\source\EECS280\p3\Debug\p3.exe : fatal error LNK1120: 25 unresolved externals
